<?xml version="1.0" encoding="utf-8"?><testsuites name="pytest tests"><testsuite name="pytest" errors="0" failures="0" skipped="0" tests="24" time="4.716" timestamp="2026-05-16T14:09:29.057277+00:00" hostname="agent-env-b762ba15-ee35-4c39-8a5e-f88929aaf586"><testcase classname="backend.tests.test_new_features.TestOnboardingRole" name="test_set_role_private" time="0.212" /><testcase classname="backend.tests.test_new_features.TestOnboardingRole" name="test_set_role_employee" time="0.146" /><testcase classname="backend.tests.test_new_features.TestOnboardingRole" name="test_set_role_company" time="0.106" /><testcase classname="backend.tests.test_new_features.TestOnboardingRole" name="test_set_role_invalid_400" time="0.165" /><testcase classname="backend.tests.test_new_features.TestOnboardingRole" name="test_set_role_no_auth_401" time="0.132" /><testcase classname="backend.tests.test_new_features.TestCompanySetup" name="test_company_setup_creates_company" time="0.149" /><testcase classname="backend.tests.test_new_features.TestCompanySetup" name="test_company_setup_idempotent" time="0.156" /><testcase classname="backend.tests.test_new_features.TestCompanySetup" name="test_company_setup_wrong_role_403" time="0.117" /><testcase classname="backend.tests.test_new_features.TestCompanySetup" name="test_company_setup_no_auth_401" time="0.114" /><testcase classname="backend.tests.test_new_features.TestCompanyJoin" name="test_join_invalid_code_404" time="0.135" /><testcase classname="backend.tests.test_new_features.TestCompanyJoin" name="test_join_wrong_role_403" time="0.146" /><testcase classname="backend.tests.test_new_features.TestCompanyJoin" name="test_join_valid_code" time="0.108" /><testcase classname="backend.tests.test_new_features.TestCompanyJoin" name="test_join_no_auth_401" time="0.104" /><testcase classname="backend.tests.test_new_features.TestLocationPing" name="test_ping_updates_user" time="0.121" /><testcase classname="backend.tests.test_new_features.TestLocationPing" name="test_ping_no_auth_401" time="0.127" /><testcase classname="backend.tests.test_new_features.TestCompanyEmployees" name="test_employees_list" time="0.210" /><testcase classname="backend.tests.test_new_features.TestCompanyEmployees" name="test_employees_wrong_role_403" time="0.112" /><testcase classname="backend.tests.test_new_features.TestCompanyEmployees" name="test_employees_no_auth_401" time="0.144" /><testcase classname="backend.tests.test_new_features.TestGeocodeItaly" name="test_search_rome" time="0.200" /><testcase classname="backend.tests.test_new_features.TestGeocodeItaly" name="test_search_milano" time="0.448" /><testcase classname="backend.tests.test_new_features.TestRouteOptimize" name="test_optimize_no_stops_returns_empty" time="0.105" /><testcase classname="backend.tests.test_new_features.TestRouteOptimize" name="test_optimize_with_stops" time="0.972" /><testcase classname="backend.tests.test_new_features.TestRouteOptimize" name="test_optimize_no_auth_401" time="0.100" /><testcase classname="backend.tests.test_new_features.TestDeliveriesOrderIndex" name="test_order_index_set_on_create" time="0.333" /></testsuite></testsuites>