<?xml version="1.0" encoding="utf-8"?><testsuites name="pytest tests"><testsuite name="pytest" errors="0" failures="0" skipped="0" tests="20" time="3.258" timestamp="2026-05-16T14:09:39.436279+00:00" hostname="agent-env-b762ba15-ee35-4c39-8a5e-f88929aaf586"><testcase classname="backend.tests.test_speedymap_api.TestHealth" name="test_root" time="0.124" /><testcase classname="backend.tests.test_speedymap_api.TestZTL" name="test_polygon" time="0.052" /><testcase classname="backend.tests.test_speedymap_api.TestZTL" name="test_check_inside" time="0.048" /><testcase classname="backend.tests.test_speedymap_api.TestZTL" name="test_check_outside" time="0.057" /><testcase classname="backend.tests.test_speedymap_api.TestGeocode" name="test_search_valid" time="0.666" /><testcase classname="backend.tests.test_speedymap_api.TestGeocode" name="test_search_too_short" time="0.047" /><testcase classname="backend.tests.test_speedymap_api.TestAuth" name="test_session_invalid_id" time="0.128" /><testcase classname="backend.tests.test_speedymap_api.TestAuth" name="test_me_without_token" time="0.094" /><testcase classname="backend.tests.test_speedymap_api.TestAuth" name="test_me_with_bad_token" time="0.089" /><testcase classname="backend.tests.test_speedymap_api.TestAuth" name="test_me_with_valid_token" time="0.100" /><testcase classname="backend.tests.test_speedymap_api.TestAuthEnforcement" name="test_get_deliveries_no_auth" time="0.099" /><testcase classname="backend.tests.test_speedymap_api.TestAuthEnforcement" name="test_post_deliveries_no_auth" time="0.101" /><testcase classname="backend.tests.test_speedymap_api.TestAuthEnforcement" name="test_put_profile_no_auth" time="0.414" /><testcase classname="backend.tests.test_speedymap_api.TestAuthEnforcement" name="test_ocr_no_auth" time="0.131" /><testcase classname="backend.tests.test_speedymap_api.TestDeliveriesCRUD" name="test_list_empty" time="0.101" /><testcase classname="backend.tests.test_speedymap_api.TestDeliveriesCRUD" name="test_create_inside_ztl" time="0.214" /><testcase classname="backend.tests.test_speedymap_api.TestDeliveriesCRUD" name="test_create_outside_ztl" time="0.096" /><testcase classname="backend.tests.test_speedymap_api.TestDeliveriesCRUD" name="test_update_status_done" time="0.218" /><testcase classname="backend.tests.test_speedymap_api.TestDeliveriesCRUD" name="test_delete" time="0.220" /><testcase classname="backend.tests.test_speedymap_api.TestProfile" name="test_update_profile" time="0.234" /></testsuite></testsuites>