<?xml version="1.0" encoding="utf-8"?><testsuites name="pytest tests"><testsuite name="pytest" errors="0" failures="1" skipped="0" tests="21" time="3.220" timestamp="2026-05-16T13:41:40.803606+00:00" hostname="agent-env-b762ba15-ee35-4c39-8a5e-f88929aaf586"><testcase classname="tests.test_speedymap_api.TestHealth" name="test_root" time="0.149" /><testcase classname="tests.test_speedymap_api.TestZTL" name="test_polygon" time="0.049" /><testcase classname="tests.test_speedymap_api.TestZTL" name="test_check_inside" time="0.046" /><testcase classname="tests.test_speedymap_api.TestZTL" name="test_check_outside" time="0.045" /><testcase classname="tests.test_speedymap_api.TestGeocode" name="test_search_valid" time="0.138" /><testcase classname="tests.test_speedymap_api.TestGeocode" name="test_search_too_short" time="0.046" /><testcase classname="tests.test_speedymap_api.TestAuth" name="test_session_invalid_id" time="0.298" /><testcase classname="tests.test_speedymap_api.TestAuth" name="test_me_without_token" time="0.118" /><testcase classname="tests.test_speedymap_api.TestAuth" name="test_me_with_bad_token" time="0.108" /><testcase classname="tests.test_speedymap_api.TestAuth" name="test_me_with_valid_token" time="0.120" /><testcase classname="tests.test_speedymap_api.TestAuthEnforcement" name="test_get_deliveries_no_auth" time="0.107" /><testcase classname="tests.test_speedymap_api.TestAuthEnforcement" name="test_post_deliveries_no_auth" time="0.099" /><testcase classname="tests.test_speedymap_api.TestAuthEnforcement" name="test_put_profile_no_auth" time="0.102" /><testcase classname="tests.test_speedymap_api.TestAuthEnforcement" name="test_ocr_no_auth" time="0.103" /><testcase classname="tests.test_speedymap_api.TestDeliveriesCRUD" name="test_list_empty" time="0.141" /><testcase classname="tests.test_speedymap_api.TestDeliveriesCRUD" name="test_create_inside_ztl" time="0.271" /><testcase classname="tests.test_speedymap_api.TestDeliveriesCRUD" name="test_create_outside_ztl" time="0.097" /><testcase classname="tests.test_speedymap_api.TestDeliveriesCRUD" name="test_update_status_done" time="0.240" /><testcase classname="tests.test_speedymap_api.TestDeliveriesCRUD" name="test_delete" time="0.210" /><testcase classname="tests.test_speedymap_api.TestProfile" name="test_update_profile" time="0.248" /><testcase classname="tests.test_speedymap_api.TestOCR" name="test_ocr_with_tiny_image" time="0.424"><failure message="AssertionError: OCR endpoint 5xx: 500 {&quot;detail&quot;:&quot;OCR failed: Failed to generate chat completion: litellm.BadRequestError: OpenAIException - Budget has been exceeded! Current cost: 0.0011975000000000002, Max budget: 0.001&quot;}&#10;assert 500 &lt; 500&#10; +  where 500 = &lt;Response [500]&gt;.status_code">tests/test_speedymap_api.py:205: in test_ocr_with_tiny_image
    assert r.status_code &lt; 500, f"OCR endpoint 5xx: {r.status_code} {r.text}"
E   AssertionError: OCR endpoint 5xx: 500 {"detail":"OCR failed: Failed to generate chat completion: litellm.BadRequestError: OpenAIException - Budget has been exceeded! Current cost: 0.0011975000000000002, Max budget: 0.001"}
E   assert 500 &lt; 500
E    +  where 500 = &lt;Response [500]&gt;.status_code</failure></testcase></testsuite></testsuites>